2020-10-27 16:22:14,618 INFO org.springframework.boot.StartupInfoLogger [main] Starting Bootstrap on subhanshu-pc with PID 23884 (C:\Users\subhanshu\git\repository\sandbox\app\target\classes started by subhanshu in C:\Users\subhanshu\git\repository\sandbox\app)
2020-10-27 16:22:14,622 DEBUG org.springframework.boot.StartupInfoLogger [main] Running with Spring Boot v2.3.1.RELEASE, Spring v5.2.7.RELEASE
2020-10-27 16:22:14,622 INFO org.springframework.boot.SpringApplication [main] The following profiles are active: dev
2020-10-27 16:22:15,770 INFO org.springframework.data.repository.config.RepositoryConfigurationDelegate [main] Bootstrapping Spring Data JPA repositories in DEFAULT mode.
2020-10-27 16:22:15,861 INFO org.springframework.data.repository.config.RepositoryConfigurationDelegate [main] Finished Spring Data repository scanning in 76ms. Found 6 JPA repository interfaces.
2020-10-27 16:22:17,264 INFO org.springframework.context.support.PostProcessorRegistrationDelegate$BeanPostProcessorChecker [main] Bean 'org.springframework.security.access.expression.method.DefaultMethodSecurityExpressionHandler@bfc14b9' of type [org.springframework.security.access.expression.method.DefaultMethodSecurityExpressionHandler] is not eligible for getting processed by all BeanPostProcessors (for example: not eligible for auto-proxying)
2020-10-27 16:22:17,271 INFO org.springframework.context.support.PostProcessorRegistrationDelegate$BeanPostProcessorChecker [main] Bean 'methodSecurityMetadataSource' of type [org.springframework.security.access.method.DelegatingMethodSecurityMetadataSource] is not eligible for getting processed by all BeanPostProcessors (for example: not eligible for auto-proxying)
2020-10-27 16:22:17,278 INFO org.springframework.context.support.PostProcessorRegistrationDelegate$BeanPostProcessorChecker [main] Bean 'org.apache.camel.spring.boot.CamelAutoConfiguration' of type [org.apache.camel.spring.boot.CamelAutoConfiguration$$EnhancerBySpringCGLIB$$92a38863] is not eligible for getting processed by all BeanPostProcessors (for example: not eligible for auto-proxying)
2020-10-27 16:22:18,125 INFO org.springframework.boot.web.embedded.tomcat.TomcatWebServer [main] Tomcat initialized with port(s): 8081 (http)
2020-10-27 16:22:18,138 INFO org.apache.juli.logging.DirectJDKLog [main] Initializing ProtocolHandler ["http-nio-8081"]
2020-10-27 16:22:18,139 INFO org.apache.juli.logging.DirectJDKLog [main] Starting service [Tomcat]
2020-10-27 16:22:18,139 INFO org.apache.juli.logging.DirectJDKLog [main] Starting Servlet engine: [Apache Tomcat/9.0.36]
2020-10-27 16:22:18,282 INFO org.apache.juli.logging.DirectJDKLog [main] Initializing Spring embedded WebApplicationContext
2020-10-27 16:22:18,283 INFO org.springframework.boot.web.servlet.context.ServletWebServerApplicationContext [main] Root WebApplicationContext: initialization completed in 3584 ms
2020-10-27 16:22:18,539 INFO org.hibernate.jpa.internal.util.LogHelper [main] HHH000204: Processing PersistenceUnitInfo [name: default]
2020-10-27 16:22:18,650 INFO org.hibernate.Version [main] HHH000412: Hibernate ORM core version 5.4.17.Final
2020-10-27 16:22:18,913 INFO org.hibernate.annotations.common.reflection.java.JavaReflectionManager [main] HCANN000001: Hibernate Commons Annotations {5.1.0.Final}
2020-10-27 16:22:19,095 INFO com.zaxxer.hikari.HikariDataSource [main] HikariPool-1 - Starting...
2020-10-27 16:22:19,304 INFO com.zaxxer.hikari.HikariDataSource [main] HikariPool-1 - Start completed.
2020-10-27 16:22:19,329 INFO org.hibernate.dialect.Dialect [main] HHH000400: Using dialect: org.hibernate.dialect.MySQL57InnoDBDialect
2020-10-27 16:22:19,583 WARN com.vladmihalcea.hibernate.type.util.Configuration [main] You should use Hypersistence Optimizer to speed up your Hibernate application!
2020-10-27 16:22:19,584 WARN com.vladmihalcea.hibernate.type.util.Configuration [main] For more details, go to https://vladmihalcea.com/hypersistence-optimizer/
2020-10-27 16:22:19,584 INFO com.vladmihalcea.hibernate.type.util.Configuration [main] 
 _    _                           _     _
| |  | |                         (_)   | |
| |__| |_   _ _ __   ___ _ __ ___ _ ___| |_ ___ _ __   ___ ___
|  __  | | | | '_ \ / _ \ '__/ __| / __| __/ _ \ '_ \ / __/ _ \
| |  | | |_| | |_) |  __/ |  \__ \ \__ \ ||  __/ | | | (_|  __/
|_|  |_|\__, | .__/ \___|_|  |___/_|___/\__\___|_| |_|\___\___|
         __/ | |
        |___/|_|

           ____        _   _           _
          / __ \      | | (_)         (_)
         | |  | |_ __ | |_ _ _ __ ___  _ _______ _ __
         | |  | | '_ \| __| | '_ ` _ \| |_  / _ \ '__|
         | |__| | |_) | |_| | | | | | | |/ /  __/ |
          \____/| .__/ \__|_|_| |_| |_|_/___\___|_|
                | |
                |_|

2020-10-27 16:22:19,585 INFO com.vladmihalcea.hibernate.type.util.Configuration [main] Check out the README page for more info about the Hypersistence Optimizer banner https://github.com/vladmihalcea/hibernate-types#how-to-remove-the-hypersistence-optimizer-banner-from-the-log
2020-10-27 16:22:19,665 WARN org.hibernate.mapping.RootClass [main] HHH000038: Composite-id class does not override equals(): com.sloopsight.sandbox.app.entity.MemberShipKey
2020-10-27 16:22:19,666 WARN org.hibernate.mapping.RootClass [main] HHH000039: Composite-id class does not override hashCode(): com.sloopsight.sandbox.app.entity.MemberShipKey
2020-10-27 16:22:20,440 INFO org.hibernate.engine.transaction.jta.platform.internal.JtaPlatformInitiator [main] HHH000490: Using JtaPlatform implementation: [org.hibernate.engine.transaction.jta.platform.internal.NoJtaPlatform]
2020-10-27 16:22:20,449 INFO org.springframework.orm.jpa.AbstractEntityManagerFactoryBean [main] Initialized JPA EntityManagerFactory for persistence unit 'default'
2020-10-27 16:22:21,467 WARN org.springframework.boot.autoconfigure.orm.jpa.JpaBaseConfiguration$JpaWebConfiguration [main] spring.jpa.open-in-view is enabled by default. Therefore, database queries may be performed during view rendering. Explicitly configure spring.jpa.open-in-view to disable this warning
2020-10-27 16:22:21,527 INFO org.springframework.boot.web.servlet.DynamicRegistrationBean [main] Servlet CamelServlet was not registered (possibly already registered?)
2020-10-27 16:22:21,555 DEBUG org.springframework.web.filter.GenericFilterBean [main] Filter 'authenticationJwtTokenFilter' configured for use
2020-10-27 16:22:21,627 INFO org.springframework.ldap.core.support.AbstractContextSource [main] Property 'userDn' not set - anonymous context will be used for read-write operations
2020-10-27 16:22:22,180 DEBUG org.springframework.web.servlet.handler.AbstractHandlerMethodMapping [main] 31 mappings in 'requestMappingHandlerMapping'
2020-10-27 16:22:22,935 INFO org.springframework.security.web.DefaultSecurityFilterChain [main] Creating filter chain: any request, [org.springframework.security.web.context.request.async.WebAsyncManagerIntegrationFilter@7be859de, org.springframework.security.web.context.SecurityContextPersistenceFilter@639948a2, org.springframework.security.web.header.HeaderWriterFilter@5bdb9c69, org.springframework.web.filter.CorsFilter@40fcaae7, org.springframework.security.web.authentication.logout.LogoutFilter@5b4d9bda, com.sloopsight.sandbox.app.config.AuthTokenFilter@611a2d82, org.springframework.security.web.savedrequest.RequestCacheAwareFilter@696298ea, org.springframework.security.web.servletapi.SecurityContextHolderAwareRequestFilter@740ad32e, org.springframework.security.web.authentication.AnonymousAuthenticationFilter@7fa85a55, org.springframework.security.web.session.SessionManagementFilter@751bb780, org.springframework.security.web.access.ExceptionTranslationFilter@56f61d74, org.springframework.security.web.access.intercept.FilterSecurityInterceptor@4258106]
2020-10-27 16:22:23,008 INFO org.springframework.scheduling.concurrent.ExecutorConfigurationSupport [main] Initializing ExecutorService 'applicationTaskExecutor'
2020-10-27 16:22:23,024 DEBUG org.springframework.web.servlet.mvc.method.annotation.RequestMappingHandlerAdapter [main] ControllerAdvice beans: 0 @ModelAttribute, 0 @InitBinder, 1 RequestBodyAdvice, 1 ResponseBodyAdvice
2020-10-27 16:22:23,084 DEBUG org.springframework.web.servlet.mvc.method.annotation.ExceptionHandlerExceptionResolver [main] ControllerAdvice beans: 1 @ExceptionHandler, 1 ResponseBodyAdvice
2020-10-27 16:22:23,342 INFO org.apache.camel.impl.converter.DefaultTypeConverter [main] Type converters loaded (core: 195, classpath: 7)
2020-10-27 16:22:23,695 INFO org.springframework.ldap.core.support.AbstractContextSource [main] Property 'userDn' not set - anonymous context will be used for read-write operations
2020-10-27 16:22:23,765 INFO org.apache.juli.logging.DirectJDKLog [main] Starting ProtocolHandler ["http-nio-8081"]
2020-10-27 16:22:23,802 INFO org.springframework.boot.web.embedded.tomcat.TomcatWebServer [main] Tomcat started on port(s): 8081 (http) with context path '/app'
2020-10-27 16:22:23,866 INFO org.apache.camel.spring.boot.RoutesCollector [main] Loading additional Camel XML routes from: classpath:camel/*.xml
2020-10-27 16:22:23,867 INFO org.apache.camel.spring.boot.RoutesCollector [main] Loading additional Camel XML rests from: classpath:camel-rest/*.xml
2020-10-27 16:22:23,874 INFO org.apache.camel.impl.DefaultCamelContext [main] Apache Camel 2.25.1 (CamelContext: camel-1) is starting
2020-10-27 16:22:23,876 INFO org.apache.camel.management.ManagedManagementStrategy [main] JMX is enabled
2020-10-27 16:22:24,142 INFO org.apache.camel.impl.DefaultCamelContext [main] StreamCaching is not in use. If using streams then its recommended to enable stream caching. See more details at http://camel.apache.org/stream-caching.html
2020-10-27 16:22:24,186 INFO org.apache.camel.impl.DefaultCamelContext [main] Route: route1 started and consuming from: servlet:/exec?matchOnUriPrefix=true
2020-10-27 16:22:24,187 INFO org.apache.camel.impl.DefaultCamelContext [main] Total 1 routes, of which 1 are started
2020-10-27 16:22:24,187 INFO org.apache.camel.impl.DefaultCamelContext [main] Apache Camel 2.25.1 (CamelContext: camel-1) started in 0.313 seconds
2020-10-27 16:22:24,191 INFO org.springframework.boot.StartupInfoLogger [main] Started Bootstrap in 10.222 seconds (JVM running for 10.944)
2020-10-27 16:23:08,169 INFO org.apache.juli.logging.DirectJDKLog [http-nio-8081-exec-1] Initializing Spring DispatcherServlet 'dispatcherServlet'
2020-10-27 16:23:08,169 INFO org.springframework.web.servlet.FrameworkServlet [http-nio-8081-exec-1] Initializing Servlet 'dispatcherServlet'
2020-10-27 16:23:08,176 INFO org.springframework.web.servlet.FrameworkServlet [http-nio-8081-exec-1] Completed initialization in 7 ms
2020-10-27 16:23:08,201 DEBUG org.springframework.web.servlet.handler.AbstractHandlerMapping [http-nio-8081-exec-1] Mapped to com.sloopsight.sandbox.app.controller.AuthController#authenticateUser(LoginRequest)
2020-10-27 16:23:08,234 DEBUG org.springframework.web.servlet.handler.AbstractHandlerMapping [http-nio-8081-exec-1] Mapped to com.sloopsight.sandbox.app.controller.AuthController#authenticateUser(LoginRequest)
2020-10-27 16:23:08,294 DEBUG org.springframework.core.log.LogFormatUtils [http-nio-8081-exec-1] Read "application/json;charset=utf-8" to [com.sloopsight.sandbox.app.dto.request.LoginRequest@42be898a]
2020-10-27 16:23:10,862 ERROR com.sloopsight.sandbox.app.util.LdapContext [http-nio-8081-exec-1] inmg01:636; nested exception is javax.naming.CommunicationException: inmg01:636 [Root exception is java.net.ConnectException: Connection refused: connect]
2020-10-27 16:23:11,042 DEBUG org.springframework.web.servlet.mvc.method.annotation.AbstractMessageConverterMethodProcessor [http-nio-8081-exec-1] Using 'application/json', given [application/json, text/plain, */*] and supported [application/json, application/*+json, application/json, application/*+json]
2020-10-27 16:23:11,043 DEBUG org.springframework.core.log.LogFormatUtils [http-nio-8081-exec-1] Writing [com.sloopsight.sandbox.app.dto.response.JwtResponse@7c2dc543]
2020-10-27 16:23:11,065 DEBUG org.springframework.web.servlet.handler.AbstractHandlerMapping [http-nio-8081-exec-2] Mapped to com.sloopsight.sandbox.app.controller.AuthController#isLoggedId()
2020-10-27 16:23:11,068 DEBUG org.springframework.web.servlet.handler.AbstractHandlerMapping [http-nio-8081-exec-3] Mapped to com.sloopsight.sandbox.app.controller.AuthController#isLoggedId()
2020-10-27 16:23:11,111 DEBUG org.springframework.web.servlet.handler.AbstractHandlerMapping [http-nio-8081-exec-3] Mapped to com.sloopsight.sandbox.app.controller.AuthController#isLoggedId()
2020-10-27 16:23:11,111 DEBUG org.springframework.web.servlet.handler.AbstractHandlerMapping [http-nio-8081-exec-2] Mapped to com.sloopsight.sandbox.app.controller.AuthController#isLoggedId()
2020-10-27 16:23:11,123 DEBUG org.springframework.web.servlet.mvc.method.annotation.AbstractMessageConverterMethodProcessor [http-nio-8081-exec-2] Using 'application/json', given [application/json, text/plain, */*] and supported [application/json, application/*+json, application/json, application/*+json]
2020-10-27 16:23:11,123 DEBUG org.springframework.web.servlet.mvc.method.annotation.AbstractMessageConverterMethodProcessor [http-nio-8081-exec-3] Using 'application/json', given [application/json, text/plain, */*] and supported [application/json, application/*+json, application/json, application/*+json]
2020-10-27 16:23:11,123 DEBUG org.springframework.core.log.LogFormatUtils [http-nio-8081-exec-2] Writing [com.sloopsight.sandbox.app.services.UserDetailsImpl@52f22933]
2020-10-27 16:23:11,123 DEBUG org.springframework.core.log.LogFormatUtils [http-nio-8081-exec-3] Writing [com.sloopsight.sandbox.app.services.UserDetailsImpl@5ab68391]
2020-10-27 16:23:12,400 DEBUG org.springframework.web.servlet.handler.AbstractHandlerMapping [http-nio-8081-exec-4] Mapped to com.sloopsight.sandbox.app.controller.AuthController#isLoggedId()
2020-10-27 16:23:12,409 DEBUG org.springframework.web.servlet.handler.AbstractHandlerMapping [http-nio-8081-exec-4] Mapped to com.sloopsight.sandbox.app.controller.AuthController#isLoggedId()
2020-10-27 16:23:12,412 DEBUG org.springframework.web.servlet.mvc.method.annotation.AbstractMessageConverterMethodProcessor [http-nio-8081-exec-4] Using 'application/json', given [application/json, text/plain, */*] and supported [application/json, application/*+json, application/json, application/*+json]
2020-10-27 16:23:12,412 DEBUG org.springframework.core.log.LogFormatUtils [http-nio-8081-exec-4] Writing [com.sloopsight.sandbox.app.services.UserDetailsImpl@5a07a8b9]
2020-10-27 16:23:12,669 DEBUG org.springframework.web.servlet.handler.AbstractHandlerMapping [http-nio-8081-exec-5] Mapped to com.sloopsight.sandbox.app.controller.ProjectController#projects(int, int)
2020-10-27 16:23:12,674 DEBUG org.springframework.web.servlet.handler.AbstractHandlerMapping [http-nio-8081-exec-5] Mapped to com.sloopsight.sandbox.app.controller.ProjectController#projects(int, int)
2020-10-27 16:23:12,716 DEBUG org.springframework.web.servlet.mvc.method.annotation.AbstractMessageConverterMethodProcessor [http-nio-8081-exec-5] Using 'application/json', given [*/*] and supported [application/json, application/*+json, application/json, application/*+json]
2020-10-27 16:23:12,717 DEBUG org.springframework.core.log.LogFormatUtils [http-nio-8081-exec-5] Writing [Page 1 of 1 containing com.sloopsight.sandbox.app.entity.Project instances]
2020-10-27 16:23:12,753 DEBUG org.springframework.web.servlet.handler.AbstractHandlerMapping [http-nio-8081-exec-6] Mapped to com.sloopsight.sandbox.app.controller.ProjectController#projects(int, int)
2020-10-27 16:23:12,759 DEBUG org.springframework.web.servlet.handler.AbstractHandlerMapping [http-nio-8081-exec-6] Mapped to com.sloopsight.sandbox.app.controller.ProjectController#projects(int, int)
2020-10-27 16:23:12,766 DEBUG org.springframework.web.servlet.mvc.method.annotation.AbstractMessageConverterMethodProcessor [http-nio-8081-exec-6] Using 'application/json', given [*/*] and supported [application/json, application/*+json, application/json, application/*+json]
2020-10-27 16:23:12,767 DEBUG org.springframework.core.log.LogFormatUtils [http-nio-8081-exec-6] Writing [Page 1 of 1 containing com.sloopsight.sandbox.app.entity.Project instances]
2020-10-27 16:23:28,940 DEBUG org.springframework.web.servlet.handler.AbstractHandlerMapping [http-nio-8081-exec-7] Mapped to com.sloopsight.sandbox.app.controller.AuthController#isLoggedId()
2020-10-27 16:23:28,946 DEBUG org.springframework.web.servlet.handler.AbstractHandlerMapping [http-nio-8081-exec-7] Mapped to com.sloopsight.sandbox.app.controller.AuthController#isLoggedId()
2020-10-27 16:23:28,948 DEBUG org.springframework.web.servlet.mvc.method.annotation.AbstractMessageConverterMethodProcessor [http-nio-8081-exec-7] Using 'application/json', given [application/json, text/plain, */*] and supported [application/json, application/*+json, application/json, application/*+json]
2020-10-27 16:23:28,948 DEBUG org.springframework.core.log.LogFormatUtils [http-nio-8081-exec-7] Writing [com.sloopsight.sandbox.app.services.UserDetailsImpl@6f2d3472]
2020-10-27 16:23:29,064 DEBUG org.springframework.web.servlet.handler.AbstractHandlerMapping [http-nio-8081-exec-8] Mapped to com.sloopsight.sandbox.app.controller.ProjectController#projects(int, int)
2020-10-27 16:23:29,071 DEBUG org.springframework.web.servlet.handler.AbstractHandlerMapping [http-nio-8081-exec-8] Mapped to com.sloopsight.sandbox.app.controller.ProjectController#projects(int, int)
2020-10-27 16:23:29,074 DEBUG org.springframework.web.servlet.mvc.method.annotation.AbstractMessageConverterMethodProcessor [http-nio-8081-exec-8] Using 'application/json', given [*/*] and supported [application/json, application/*+json, application/json, application/*+json]
2020-10-27 16:23:29,075 DEBUG org.springframework.core.log.LogFormatUtils [http-nio-8081-exec-8] Writing [Page 1 of 1 containing com.sloopsight.sandbox.app.entity.Project instances]
2020-10-27 16:23:29,092 DEBUG org.springframework.web.servlet.handler.AbstractHandlerMapping [http-nio-8081-exec-9] Mapped to com.sloopsight.sandbox.app.controller.ProjectController#projects(int, int)
2020-10-27 16:23:29,099 DEBUG org.springframework.web.servlet.handler.AbstractHandlerMapping [http-nio-8081-exec-9] Mapped to com.sloopsight.sandbox.app.controller.ProjectController#projects(int, int)
2020-10-27 16:23:29,103 DEBUG org.springframework.web.servlet.mvc.method.annotation.AbstractMessageConverterMethodProcessor [http-nio-8081-exec-9] Using 'application/json', given [*/*] and supported [application/json, application/*+json, application/json, application/*+json]
2020-10-27 16:23:29,103 DEBUG org.springframework.core.log.LogFormatUtils [http-nio-8081-exec-9] Writing [Page 1 of 1 containing com.sloopsight.sandbox.app.entity.Project instances]
2020-10-27 16:23:32,530 DEBUG org.springframework.web.servlet.handler.AbstractHandlerMapping [http-nio-8081-exec-10] Mapped to com.sloopsight.sandbox.app.controller.AuthController#isLoggedId()
2020-10-27 16:23:32,536 DEBUG org.springframework.web.servlet.handler.AbstractHandlerMapping [http-nio-8081-exec-10] Mapped to com.sloopsight.sandbox.app.controller.AuthController#isLoggedId()
2020-10-27 16:23:32,537 DEBUG org.springframework.web.servlet.mvc.method.annotation.AbstractMessageConverterMethodProcessor [http-nio-8081-exec-10] Using 'application/json', given [application/json, text/plain, */*] and supported [application/json, application/*+json, application/json, application/*+json]
2020-10-27 16:23:32,538 DEBUG org.springframework.core.log.LogFormatUtils [http-nio-8081-exec-10] Writing [com.sloopsight.sandbox.app.services.UserDetailsImpl@5788995b]
2020-10-27 16:23:32,655 DEBUG org.springframework.web.servlet.handler.AbstractHandlerMapping [http-nio-8081-exec-1] Mapped to com.sloopsight.sandbox.app.controller.ProjectController#projects(int, int)
2020-10-27 16:23:32,661 DEBUG org.springframework.web.servlet.handler.AbstractHandlerMapping [http-nio-8081-exec-1] Mapped to com.sloopsight.sandbox.app.controller.ProjectController#projects(int, int)
2020-10-27 16:23:32,665 DEBUG org.springframework.web.servlet.mvc.method.annotation.AbstractMessageConverterMethodProcessor [http-nio-8081-exec-1] Using 'application/json', given [*/*] and supported [application/json, application/*+json, application/json, application/*+json]
2020-10-27 16:23:32,665 DEBUG org.springframework.core.log.LogFormatUtils [http-nio-8081-exec-1] Writing [Page 1 of 1 containing com.sloopsight.sandbox.app.entity.Project instances]
2020-10-27 16:23:32,680 DEBUG org.springframework.web.servlet.handler.AbstractHandlerMapping [http-nio-8081-exec-3] Mapped to com.sloopsight.sandbox.app.controller.ProjectController#projects(int, int)
2020-10-27 16:23:32,686 DEBUG org.springframework.web.servlet.handler.AbstractHandlerMapping [http-nio-8081-exec-3] Mapped to com.sloopsight.sandbox.app.controller.ProjectController#projects(int, int)
2020-10-27 16:23:32,692 DEBUG org.springframework.web.servlet.mvc.method.annotation.AbstractMessageConverterMethodProcessor [http-nio-8081-exec-3] Using 'application/json', given [*/*] and supported [application/json, application/*+json, application/json, application/*+json]
2020-10-27 16:23:32,692 DEBUG org.springframework.core.log.LogFormatUtils [http-nio-8081-exec-3] Writing [Page 1 of 1 containing com.sloopsight.sandbox.app.entity.Project instances]
2020-10-27 16:24:19,146 DEBUG org.springframework.web.servlet.handler.AbstractHandlerMapping [http-nio-8081-exec-2] Mapped to com.sloopsight.sandbox.app.controller.AuthController#isLoggedId()
2020-10-27 16:24:19,155 DEBUG org.springframework.web.servlet.handler.AbstractHandlerMapping [http-nio-8081-exec-2] Mapped to com.sloopsight.sandbox.app.controller.AuthController#isLoggedId()
2020-10-27 16:24:19,156 DEBUG org.springframework.web.servlet.mvc.method.annotation.AbstractMessageConverterMethodProcessor [http-nio-8081-exec-2] Using 'application/json', given [application/json, text/plain, */*] and supported [application/json, application/*+json, application/json, application/*+json]
2020-10-27 16:24:19,156 DEBUG org.springframework.core.log.LogFormatUtils [http-nio-8081-exec-2] Writing [com.sloopsight.sandbox.app.services.UserDetailsImpl@78bfaa72]
2020-10-27 16:24:19,448 DEBUG org.springframework.web.servlet.handler.AbstractHandlerMapping [http-nio-8081-exec-4] Mapped to com.sloopsight.sandbox.app.controller.ProjectController#findOne(Long)
2020-10-27 16:24:19,448 DEBUG org.springframework.web.servlet.handler.AbstractHandlerMapping [http-nio-8081-exec-5] Mapped to com.sloopsight.sandbox.app.controller.ProjectController#findExistingMembers(Long)
2020-10-27 16:24:19,448 DEBUG org.springframework.web.servlet.handler.AbstractHandlerMapping [http-nio-8081-exec-6] Mapped to com.sloopsight.sandbox.app.controller.ProjectController#findAvailableMembers(Long)
2020-10-27 16:24:19,455 DEBUG org.springframework.web.servlet.handler.AbstractHandlerMapping [http-nio-8081-exec-5] Mapped to com.sloopsight.sandbox.app.controller.ProjectController#findExistingMembers(Long)
2020-10-27 16:24:19,455 DEBUG org.springframework.web.servlet.handler.AbstractHandlerMapping [http-nio-8081-exec-4] Mapped to com.sloopsight.sandbox.app.controller.ProjectController#findOne(Long)
2020-10-27 16:24:19,455 DEBUG org.springframework.web.servlet.handler.AbstractHandlerMapping [http-nio-8081-exec-6] Mapped to com.sloopsight.sandbox.app.controller.ProjectController#findAvailableMembers(Long)
2020-10-27 16:24:19,463 DEBUG org.springframework.web.servlet.mvc.method.annotation.AbstractMessageConverterMethodProcessor [http-nio-8081-exec-4] Using 'application/json', given [*/*] and supported [application/json, application/*+json, application/json, application/*+json]
2020-10-27 16:24:19,463 DEBUG org.springframework.core.log.LogFormatUtils [http-nio-8081-exec-4] Writing [com.sloopsight.sandbox.app.entity.Project@1b15f9f5]
2020-10-27 16:24:19,468 DEBUG org.springframework.web.servlet.mvc.method.annotation.AbstractMessageConverterMethodProcessor [http-nio-8081-exec-5] Using 'application/json', given [*/*] and supported [application/json, application/*+json, application/json, application/*+json]
2020-10-27 16:24:19,468 DEBUG org.springframework.core.log.LogFormatUtils [http-nio-8081-exec-5] Writing [[com.sloopsight.sandbox.app.dto.response.Member@190503d1, com.sloopsight.sandbox.app.dto.response.Me (truncated)...]
2020-10-27 16:24:19,473 DEBUG org.springframework.web.servlet.mvc.method.annotation.AbstractMessageConverterMethodProcessor [http-nio-8081-exec-6] Using 'application/json', given [*/*] and supported [application/json, application/*+json, application/json, application/*+json]
2020-10-27 16:24:19,473 DEBUG org.springframework.core.log.LogFormatUtils [http-nio-8081-exec-6] Writing [[com.sloopsight.sandbox.app.dto.response.Member@6704aad1, com.sloopsight.sandbox.app.dto.response.Me (truncated)...]
2020-10-27 16:24:41,424 DEBUG org.springframework.web.servlet.handler.AbstractHandlerMapping [http-nio-8081-exec-7] Mapped to com.sloopsight.sandbox.app.controller.AuthController#isLoggedId()
2020-10-27 16:24:41,432 DEBUG org.springframework.web.servlet.handler.AbstractHandlerMapping [http-nio-8081-exec-7] Mapped to com.sloopsight.sandbox.app.controller.AuthController#isLoggedId()
2020-10-27 16:24:41,434 DEBUG org.springframework.web.servlet.mvc.method.annotation.AbstractMessageConverterMethodProcessor [http-nio-8081-exec-7] Using 'application/json', given [application/json, text/plain, */*] and supported [application/json, application/*+json, application/json, application/*+json]
2020-10-27 16:24:41,435 DEBUG org.springframework.core.log.LogFormatUtils [http-nio-8081-exec-7] Writing [com.sloopsight.sandbox.app.services.UserDetailsImpl@3c5c9d30]
2020-10-27 16:24:41,591 DEBUG org.springframework.web.servlet.handler.AbstractHandlerMapping [http-nio-8081-exec-8] Mapped to com.sloopsight.sandbox.app.controller.ProjectController#findOne(Long)
2020-10-27 16:24:41,591 DEBUG org.springframework.web.servlet.handler.AbstractHandlerMapping [http-nio-8081-exec-9] Mapped to com.sloopsight.sandbox.app.controller.ProjectController#findExistingMembers(Long)
2020-10-27 16:24:41,591 DEBUG org.springframework.web.servlet.handler.AbstractHandlerMapping [http-nio-8081-exec-10] Mapped to com.sloopsight.sandbox.app.controller.ProjectController#findAvailableMembers(Long)
2020-10-27 16:24:41,597 DEBUG org.springframework.web.servlet.handler.AbstractHandlerMapping [http-nio-8081-exec-8] Mapped to com.sloopsight.sandbox.app.controller.ProjectController#findOne(Long)
2020-10-27 16:24:41,597 DEBUG org.springframework.web.servlet.handler.AbstractHandlerMapping [http-nio-8081-exec-9] Mapped to com.sloopsight.sandbox.app.controller.ProjectController#findExistingMembers(Long)
2020-10-27 16:24:41,597 DEBUG org.springframework.web.servlet.handler.AbstractHandlerMapping [http-nio-8081-exec-10] Mapped to com.sloopsight.sandbox.app.controller.ProjectController#findAvailableMembers(Long)
2020-10-27 16:24:41,602 DEBUG org.springframework.web.servlet.mvc.method.annotation.AbstractMessageConverterMethodProcessor [http-nio-8081-exec-8] Using 'application/json', given [*/*] and supported [application/json, application/*+json, application/json, application/*+json]
2020-10-27 16:24:41,603 DEBUG org.springframework.core.log.LogFormatUtils [http-nio-8081-exec-8] Writing [com.sloopsight.sandbox.app.entity.Project@4f868403]
2020-10-27 16:24:41,606 DEBUG org.springframework.web.servlet.mvc.method.annotation.AbstractMessageConverterMethodProcessor [http-nio-8081-exec-9] Using 'application/json', given [*/*] and supported [application/json, application/*+json, application/json, application/*+json]
2020-10-27 16:24:41,606 DEBUG org.springframework.core.log.LogFormatUtils [http-nio-8081-exec-9] Writing [[com.sloopsight.sandbox.app.dto.response.Member@6fdb5c92, com.sloopsight.sandbox.app.dto.response.Me (truncated)...]
2020-10-27 16:24:41,608 DEBUG org.springframework.web.servlet.mvc.method.annotation.AbstractMessageConverterMethodProcessor [http-nio-8081-exec-10] Using 'application/json', given [*/*] and supported [application/json, application/*+json, application/json, application/*+json]
2020-10-27 16:24:41,608 DEBUG org.springframework.core.log.LogFormatUtils [http-nio-8081-exec-10] Writing [[com.sloopsight.sandbox.app.dto.response.Member@117a6c86, com.sloopsight.sandbox.app.dto.response.Me (truncated)...]
2020-10-27 16:24:47,844 DEBUG org.springframework.web.servlet.handler.AbstractHandlerMapping [http-nio-8081-exec-1] Mapped to com.sloopsight.sandbox.app.controller.AuthController#isLoggedId()
2020-10-27 16:24:47,851 DEBUG org.springframework.web.servlet.handler.AbstractHandlerMapping [http-nio-8081-exec-1] Mapped to com.sloopsight.sandbox.app.controller.AuthController#isLoggedId()
2020-10-27 16:24:47,852 DEBUG org.springframework.web.servlet.mvc.method.annotation.AbstractMessageConverterMethodProcessor [http-nio-8081-exec-1] Using 'application/json', given [application/json, text/plain, */*] and supported [application/json, application/*+json, application/json, application/*+json]
2020-10-27 16:24:47,853 DEBUG org.springframework.core.log.LogFormatUtils [http-nio-8081-exec-1] Writing [com.sloopsight.sandbox.app.services.UserDetailsImpl@a55e7a0]
2020-10-27 16:24:48,016 DEBUG org.springframework.web.servlet.handler.AbstractHandlerMapping [http-nio-8081-exec-2] Mapped to com.sloopsight.sandbox.app.controller.ProjectController#findOne(Long)
2020-10-27 16:24:48,016 DEBUG org.springframework.web.servlet.handler.AbstractHandlerMapping [http-nio-8081-exec-3] Mapped to com.sloopsight.sandbox.app.controller.ProjectController#findExistingMembers(Long)
2020-10-27 16:24:48,021 DEBUG org.springframework.web.servlet.handler.AbstractHandlerMapping [http-nio-8081-exec-4] Mapped to com.sloopsight.sandbox.app.controller.ProjectController#findAvailableMembers(Long)
2020-10-27 16:24:48,024 DEBUG org.springframework.web.servlet.handler.AbstractHandlerMapping [http-nio-8081-exec-3] Mapped to com.sloopsight.sandbox.app.controller.ProjectController#findExistingMembers(Long)
2020-10-27 16:24:48,024 DEBUG org.springframework.web.servlet.handler.AbstractHandlerMapping [http-nio-8081-exec-2] Mapped to com.sloopsight.sandbox.app.controller.ProjectController#findOne(Long)
2020-10-27 16:24:48,027 DEBUG org.springframework.web.servlet.mvc.method.annotation.AbstractMessageConverterMethodProcessor [http-nio-8081-exec-2] Using 'application/json', given [*/*] and supported [application/json, application/*+json, application/json, application/*+json]
2020-10-27 16:24:48,028 DEBUG org.springframework.core.log.LogFormatUtils [http-nio-8081-exec-2] Writing [com.sloopsight.sandbox.app.entity.Project@4f02a8bc]
2020-10-27 16:24:48,028 DEBUG org.springframework.web.servlet.handler.AbstractHandlerMapping [http-nio-8081-exec-4] Mapped to com.sloopsight.sandbox.app.controller.ProjectController#findAvailableMembers(Long)
2020-10-27 16:24:48,031 DEBUG org.springframework.web.servlet.mvc.method.annotation.AbstractMessageConverterMethodProcessor [http-nio-8081-exec-3] Using 'application/json', given [*/*] and supported [application/json, application/*+json, application/json, application/*+json]
2020-10-27 16:24:48,031 DEBUG org.springframework.core.log.LogFormatUtils [http-nio-8081-exec-3] Writing [[com.sloopsight.sandbox.app.dto.response.Member@16650e12, com.sloopsight.sandbox.app.dto.response.Me (truncated)...]
2020-10-27 16:24:48,037 DEBUG org.springframework.web.servlet.mvc.method.annotation.AbstractMessageConverterMethodProcessor [http-nio-8081-exec-4] Using 'application/json', given [*/*] and supported [application/json, application/*+json, application/json, application/*+json]
2020-10-27 16:24:48,037 DEBUG org.springframework.core.log.LogFormatUtils [http-nio-8081-exec-4] Writing [[com.sloopsight.sandbox.app.dto.response.Member@16d011e2, com.sloopsight.sandbox.app.dto.response.Me (truncated)...]
2020-10-27 16:25:33,510 DEBUG org.springframework.web.servlet.handler.AbstractHandlerMapping [http-nio-8081-exec-5] Mapped to com.sloopsight.sandbox.app.controller.AuthController#isLoggedId()
2020-10-27 16:25:33,516 DEBUG org.springframework.web.servlet.handler.AbstractHandlerMapping [http-nio-8081-exec-5] Mapped to com.sloopsight.sandbox.app.controller.AuthController#isLoggedId()
2020-10-27 16:25:33,518 DEBUG org.springframework.web.servlet.mvc.method.annotation.AbstractMessageConverterMethodProcessor [http-nio-8081-exec-5] Using 'application/json', given [application/json, text/plain, */*] and supported [application/json, application/*+json, application/json, application/*+json]
2020-10-27 16:25:33,518 DEBUG org.springframework.core.log.LogFormatUtils [http-nio-8081-exec-5] Writing [com.sloopsight.sandbox.app.services.UserDetailsImpl@2ba65ddc]
2020-10-27 16:25:33,661 DEBUG org.springframework.web.servlet.handler.AbstractHandlerMapping [http-nio-8081-exec-6] Mapped to com.sloopsight.sandbox.app.controller.ProjectController#findOne(Long)
2020-10-27 16:25:33,661 DEBUG org.springframework.web.servlet.handler.AbstractHandlerMapping [http-nio-8081-exec-7] Mapped to com.sloopsight.sandbox.app.controller.ProjectController#findExistingMembers(Long)
2020-10-27 16:25:33,661 DEBUG org.springframework.web.servlet.handler.AbstractHandlerMapping [http-nio-8081-exec-8] Mapped to com.sloopsight.sandbox.app.controller.ProjectController#findAvailableMembers(Long)
2020-10-27 16:25:33,667 DEBUG org.springframework.web.servlet.handler.AbstractHandlerMapping [http-nio-8081-exec-8] Mapped to com.sloopsight.sandbox.app.controller.ProjectController#findAvailableMembers(Long)
2020-10-27 16:25:33,667 DEBUG org.springframework.web.servlet.handler.AbstractHandlerMapping [http-nio-8081-exec-7] Mapped to com.sloopsight.sandbox.app.controller.ProjectController#findExistingMembers(Long)
2020-10-27 16:25:33,667 DEBUG org.springframework.web.servlet.handler.AbstractHandlerMapping [http-nio-8081-exec-6] Mapped to com.sloopsight.sandbox.app.controller.ProjectController#findOne(Long)
2020-10-27 16:25:33,671 DEBUG org.springframework.web.servlet.mvc.method.annotation.AbstractMessageConverterMethodProcessor [http-nio-8081-exec-6] Using 'application/json', given [*/*] and supported [application/json, application/*+json, application/json, application/*+json]
2020-10-27 16:25:33,672 DEBUG org.springframework.core.log.LogFormatUtils [http-nio-8081-exec-6] Writing [com.sloopsight.sandbox.app.entity.Project@2a1121f9]
2020-10-27 16:25:33,675 DEBUG org.springframework.web.servlet.mvc.method.annotation.AbstractMessageConverterMethodProcessor [http-nio-8081-exec-7] Using 'application/json', given [*/*] and supported [application/json, application/*+json, application/json, application/*+json]
2020-10-27 16:25:33,676 DEBUG org.springframework.core.log.LogFormatUtils [http-nio-8081-exec-7] Writing [[com.sloopsight.sandbox.app.dto.response.Member@7ef514ea, com.sloopsight.sandbox.app.dto.response.Me (truncated)...]
2020-10-27 16:25:33,677 DEBUG org.springframework.web.servlet.mvc.method.annotation.AbstractMessageConverterMethodProcessor [http-nio-8081-exec-8] Using 'application/json', given [*/*] and supported [application/json, application/*+json, application/json, application/*+json]
2020-10-27 16:25:33,677 DEBUG org.springframework.core.log.LogFormatUtils [http-nio-8081-exec-8] Writing [[com.sloopsight.sandbox.app.dto.response.Member@144b1880, com.sloopsight.sandbox.app.dto.response.Me (truncated)...]
2020-10-27 16:26:36,330 DEBUG org.springframework.web.servlet.handler.AbstractHandlerMapping [http-nio-8081-exec-9] Mapped to com.sloopsight.sandbox.app.controller.AuthController#isLoggedId()
2020-10-27 16:26:36,338 DEBUG org.springframework.web.servlet.handler.AbstractHandlerMapping [http-nio-8081-exec-9] Mapped to com.sloopsight.sandbox.app.controller.AuthController#isLoggedId()
2020-10-27 16:26:36,339 DEBUG org.springframework.web.servlet.mvc.method.annotation.AbstractMessageConverterMethodProcessor [http-nio-8081-exec-9] Using 'application/json', given [application/json, text/plain, */*] and supported [application/json, application/*+json, application/json, application/*+json]
2020-10-27 16:26:36,340 DEBUG org.springframework.core.log.LogFormatUtils [http-nio-8081-exec-9] Writing [com.sloopsight.sandbox.app.services.UserDetailsImpl@10a7850e]
2020-10-27 16:26:36,603 DEBUG org.springframework.web.servlet.handler.AbstractHandlerMapping [http-nio-8081-exec-10] Mapped to com.sloopsight.sandbox.app.controller.ProjectController#projects(int, int)
2020-10-27 16:26:36,608 DEBUG org.springframework.web.servlet.handler.AbstractHandlerMapping [http-nio-8081-exec-10] Mapped to com.sloopsight.sandbox.app.controller.ProjectController#projects(int, int)
2020-10-27 16:26:36,611 DEBUG org.springframework.web.servlet.mvc.method.annotation.AbstractMessageConverterMethodProcessor [http-nio-8081-exec-10] Using 'application/json', given [*/*] and supported [application/json, application/*+json, application/json, application/*+json]
2020-10-27 16:26:36,611 DEBUG org.springframework.core.log.LogFormatUtils [http-nio-8081-exec-10] Writing [Page 1 of 1 containing com.sloopsight.sandbox.app.entity.Project instances]
2020-10-27 16:26:36,627 DEBUG org.springframework.web.servlet.handler.AbstractHandlerMapping [http-nio-8081-exec-1] Mapped to com.sloopsight.sandbox.app.controller.ProjectController#projects(int, int)
2020-10-27 16:26:36,633 DEBUG org.springframework.web.servlet.handler.AbstractHandlerMapping [http-nio-8081-exec-1] Mapped to com.sloopsight.sandbox.app.controller.ProjectController#projects(int, int)
2020-10-27 16:26:36,637 DEBUG org.springframework.web.servlet.mvc.method.annotation.AbstractMessageConverterMethodProcessor [http-nio-8081-exec-1] Using 'application/json', given [*/*] and supported [application/json, application/*+json, application/json, application/*+json]
2020-10-27 16:26:36,638 DEBUG org.springframework.core.log.LogFormatUtils [http-nio-8081-exec-1] Writing [Page 1 of 1 containing com.sloopsight.sandbox.app.entity.Project instances]
2020-10-27 16:26:38,433 DEBUG org.springframework.web.servlet.handler.AbstractHandlerMapping [http-nio-8081-exec-2] Mapped to com.sloopsight.sandbox.app.controller.AuthController#isLoggedId()
2020-10-27 16:26:38,440 DEBUG org.springframework.web.servlet.handler.AbstractHandlerMapping [http-nio-8081-exec-2] Mapped to com.sloopsight.sandbox.app.controller.AuthController#isLoggedId()
2020-10-27 16:26:38,442 DEBUG org.springframework.web.servlet.mvc.method.annotation.AbstractMessageConverterMethodProcessor [http-nio-8081-exec-2] Using 'application/json', given [application/json, text/plain, */*] and supported [application/json, application/*+json, application/json, application/*+json]
2020-10-27 16:26:38,442 DEBUG org.springframework.core.log.LogFormatUtils [http-nio-8081-exec-2] Writing [com.sloopsight.sandbox.app.services.UserDetailsImpl@1d0bed50]
2020-10-27 16:26:38,683 DEBUG org.springframework.web.servlet.handler.AbstractHandlerMapping [http-nio-8081-exec-3] Mapped to com.sloopsight.sandbox.app.controller.UserController#user(int, int)
2020-10-27 16:26:38,689 DEBUG org.springframework.web.servlet.handler.AbstractHandlerMapping [http-nio-8081-exec-3] Mapped to com.sloopsight.sandbox.app.controller.UserController#user(int, int)
2020-10-27 16:26:38,702 DEBUG org.springframework.web.servlet.mvc.method.annotation.AbstractMessageConverterMethodProcessor [http-nio-8081-exec-3] Using 'application/json', given [*/*] and supported [application/json, application/*+json, application/json, application/*+json]
2020-10-27 16:26:38,702 DEBUG org.springframework.core.log.LogFormatUtils [http-nio-8081-exec-3] Writing [Page 1 of 1 containing com.sloopsight.sandbox.app.entity.User instances]
2020-10-27 16:26:39,942 DEBUG org.springframework.web.servlet.handler.AbstractHandlerMapping [http-nio-8081-exec-4] Mapped to com.sloopsight.sandbox.app.controller.AuthController#isLoggedId()
2020-10-27 16:26:39,950 DEBUG org.springframework.web.servlet.handler.AbstractHandlerMapping [http-nio-8081-exec-4] Mapped to com.sloopsight.sandbox.app.controller.AuthController#isLoggedId()
2020-10-27 16:26:39,951 DEBUG org.springframework.web.servlet.mvc.method.annotation.AbstractMessageConverterMethodProcessor [http-nio-8081-exec-4] Using 'application/json', given [application/json, text/plain, */*] and supported [application/json, application/*+json, application/json, application/*+json]
2020-10-27 16:26:39,952 DEBUG org.springframework.core.log.LogFormatUtils [http-nio-8081-exec-4] Writing [com.sloopsight.sandbox.app.services.UserDetailsImpl@f8f8fb8]
2020-10-27 16:40:43,383 DEBUG org.springframework.web.servlet.handler.AbstractHandlerMapping [http-nio-8081-exec-5] Mapped to com.sloopsight.sandbox.app.controller.AuthController#isLoggedId()
2020-10-27 16:40:43,391 DEBUG org.springframework.web.servlet.handler.AbstractHandlerMapping [http-nio-8081-exec-5] Mapped to com.sloopsight.sandbox.app.controller.AuthController#isLoggedId()
2020-10-27 16:40:43,392 DEBUG org.springframework.web.servlet.mvc.method.annotation.AbstractMessageConverterMethodProcessor [http-nio-8081-exec-5] Using 'application/json', given [application/json, text/plain, */*] and supported [application/json, application/*+json, application/json, application/*+json]
2020-10-27 16:40:43,393 DEBUG org.springframework.core.log.LogFormatUtils [http-nio-8081-exec-5] Writing [com.sloopsight.sandbox.app.services.UserDetailsImpl@1de15823]
2020-10-27 16:40:43,645 DEBUG org.springframework.web.servlet.handler.AbstractHandlerMapping [http-nio-8081-exec-6] Mapped to com.sloopsight.sandbox.app.controller.UserController#user(int, int)
2020-10-27 16:40:43,650 DEBUG org.springframework.web.servlet.handler.AbstractHandlerMapping [http-nio-8081-exec-6] Mapped to com.sloopsight.sandbox.app.controller.UserController#user(int, int)
2020-10-27 16:40:43,653 DEBUG org.springframework.web.servlet.mvc.method.annotation.AbstractMessageConverterMethodProcessor [http-nio-8081-exec-6] Using 'application/json', given [*/*] and supported [application/json, application/*+json, application/json, application/*+json]
2020-10-27 16:40:43,654 DEBUG org.springframework.core.log.LogFormatUtils [http-nio-8081-exec-6] Writing [Page 1 of 1 containing com.sloopsight.sandbox.app.entity.User instances]
2020-10-27 16:40:44,209 DEBUG org.springframework.web.servlet.handler.AbstractHandlerMapping [http-nio-8081-exec-7] Mapped to com.sloopsight.sandbox.app.controller.AuthController#isLoggedId()
2020-10-27 16:40:44,217 DEBUG org.springframework.web.servlet.handler.AbstractHandlerMapping [http-nio-8081-exec-7] Mapped to com.sloopsight.sandbox.app.controller.AuthController#isLoggedId()
2020-10-27 16:40:44,218 DEBUG org.springframework.web.servlet.mvc.method.annotation.AbstractMessageConverterMethodProcessor [http-nio-8081-exec-7] Using 'application/json', given [application/json, text/plain, */*] and supported [application/json, application/*+json, application/json, application/*+json]
2020-10-27 16:40:44,219 DEBUG org.springframework.core.log.LogFormatUtils [http-nio-8081-exec-7] Writing [com.sloopsight.sandbox.app.services.UserDetailsImpl@584379d4]
2020-10-27 16:40:44,457 DEBUG org.springframework.web.servlet.handler.AbstractHandlerMapping [http-nio-8081-exec-8] Mapped to com.sloopsight.sandbox.app.controller.ProjectController#projects(int, int)
2020-10-27 16:40:44,462 DEBUG org.springframework.web.servlet.handler.AbstractHandlerMapping [http-nio-8081-exec-8] Mapped to com.sloopsight.sandbox.app.controller.ProjectController#projects(int, int)
2020-10-27 16:40:44,466 DEBUG org.springframework.web.servlet.mvc.method.annotation.AbstractMessageConverterMethodProcessor [http-nio-8081-exec-8] Using 'application/json', given [*/*] and supported [application/json, application/*+json, application/json, application/*+json]
2020-10-27 16:40:44,466 DEBUG org.springframework.core.log.LogFormatUtils [http-nio-8081-exec-8] Writing [Page 1 of 1 containing com.sloopsight.sandbox.app.entity.Project instances]
2020-10-27 16:40:44,481 DEBUG org.springframework.web.servlet.handler.AbstractHandlerMapping [http-nio-8081-exec-9] Mapped to com.sloopsight.sandbox.app.controller.ProjectController#projects(int, int)
2020-10-27 16:40:44,486 DEBUG org.springframework.web.servlet.handler.AbstractHandlerMapping [http-nio-8081-exec-9] Mapped to com.sloopsight.sandbox.app.controller.ProjectController#projects(int, int)
2020-10-27 16:40:44,489 DEBUG org.springframework.web.servlet.mvc.method.annotation.AbstractMessageConverterMethodProcessor [http-nio-8081-exec-9] Using 'application/json', given [*/*] and supported [application/json, application/*+json, application/json, application/*+json]
2020-10-27 16:40:44,490 DEBUG org.springframework.core.log.LogFormatUtils [http-nio-8081-exec-9] Writing [Page 1 of 1 containing com.sloopsight.sandbox.app.entity.Project instances]
2020-10-27 16:40:48,899 DEBUG org.springframework.web.servlet.handler.AbstractHandlerMapping [http-nio-8081-exec-10] Mapped to com.sloopsight.sandbox.app.controller.AuthController#isLoggedId()
2020-10-27 16:40:48,903 DEBUG org.springframework.web.servlet.handler.AbstractHandlerMapping [http-nio-8081-exec-10] Mapped to com.sloopsight.sandbox.app.controller.AuthController#isLoggedId()
2020-10-27 16:40:48,904 DEBUG org.springframework.web.servlet.mvc.method.annotation.AbstractMessageConverterMethodProcessor [http-nio-8081-exec-10] Using 'application/json', given [application/json, text/plain, */*] and supported [application/json, application/*+json, application/json, application/*+json]
2020-10-27 16:40:48,905 DEBUG org.springframework.core.log.LogFormatUtils [http-nio-8081-exec-10] Writing [com.sloopsight.sandbox.app.services.UserDetailsImpl@3d57ab8b]
2020-10-27 16:40:49,154 DEBUG org.springframework.web.servlet.handler.AbstractHandlerMapping [http-nio-8081-exec-1] Mapped to com.sloopsight.sandbox.app.controller.UserController#user(int, int)
2020-10-27 16:40:49,159 DEBUG org.springframework.web.servlet.handler.AbstractHandlerMapping [http-nio-8081-exec-1] Mapped to com.sloopsight.sandbox.app.controller.UserController#user(int, int)
2020-10-27 16:40:49,162 DEBUG org.springframework.web.servlet.mvc.method.annotation.AbstractMessageConverterMethodProcessor [http-nio-8081-exec-1] Using 'application/json', given [*/*] and supported [application/json, application/*+json, application/json, application/*+json]
2020-10-27 16:40:49,163 DEBUG org.springframework.core.log.LogFormatUtils [http-nio-8081-exec-1] Writing [Page 1 of 1 containing com.sloopsight.sandbox.app.entity.User instances]
2020-10-27 16:40:49,747 DEBUG org.springframework.web.servlet.handler.AbstractHandlerMapping [http-nio-8081-exec-2] Mapped to com.sloopsight.sandbox.app.controller.AuthController#isLoggedId()
2020-10-27 16:40:49,755 DEBUG org.springframework.web.servlet.handler.AbstractHandlerMapping [http-nio-8081-exec-2] Mapped to com.sloopsight.sandbox.app.controller.AuthController#isLoggedId()
2020-10-27 16:40:49,757 DEBUG org.springframework.web.servlet.mvc.method.annotation.AbstractMessageConverterMethodProcessor [http-nio-8081-exec-2] Using 'application/json', given [application/json, text/plain, */*] and supported [application/json, application/*+json, application/json, application/*+json]
2020-10-27 16:40:49,757 DEBUG org.springframework.core.log.LogFormatUtils [http-nio-8081-exec-2] Writing [com.sloopsight.sandbox.app.services.UserDetailsImpl@5fd778e4]
2020-10-27 16:40:50,015 DEBUG org.springframework.web.servlet.handler.AbstractHandlerMapping [http-nio-8081-exec-3] Mapped to com.sloopsight.sandbox.app.controller.AuthController#readConfig(String)
2020-10-27 16:40:50,020 DEBUG org.springframework.web.servlet.handler.AbstractHandlerMapping [http-nio-8081-exec-3] Mapped to com.sloopsight.sandbox.app.controller.AuthController#readConfig(String)
2020-10-27 16:40:50,035 DEBUG org.springframework.web.servlet.mvc.method.annotation.AbstractMessageConverterMethodProcessor [http-nio-8081-exec-3] Using 'application/json', given [*/*] and supported [application/json, application/*+json, application/json, application/*+json]
2020-10-27 16:40:50,035 DEBUG org.springframework.core.log.LogFormatUtils [http-nio-8081-exec-3] Writing [com.sloopsight.sandbox.app.entity.AuthConfig@17d4aeea]
2020-10-27 16:40:54,472 DEBUG org.springframework.web.servlet.handler.AbstractHandlerMapping [http-nio-8081-exec-4] Mapped to com.sloopsight.sandbox.app.controller.AuthController#isLoggedId()
2020-10-27 16:40:54,479 DEBUG org.springframework.web.servlet.handler.AbstractHandlerMapping [http-nio-8081-exec-4] Mapped to com.sloopsight.sandbox.app.controller.AuthController#isLoggedId()
2020-10-27 16:40:54,480 DEBUG org.springframework.web.servlet.mvc.method.annotation.AbstractMessageConverterMethodProcessor [http-nio-8081-exec-4] Using 'application/json', given [application/json, text/plain, */*] and supported [application/json, application/*+json, application/json, application/*+json]
2020-10-27 16:40:54,481 DEBUG org.springframework.core.log.LogFormatUtils [http-nio-8081-exec-4] Writing [com.sloopsight.sandbox.app.services.UserDetailsImpl@60945332]
2020-10-27 16:40:55,558 DEBUG org.springframework.web.servlet.handler.AbstractHandlerMapping [http-nio-8081-exec-5] Mapped to com.sloopsight.sandbox.app.controller.AuthController#isLoggedId()
2020-10-27 16:40:55,565 DEBUG org.springframework.web.servlet.handler.AbstractHandlerMapping [http-nio-8081-exec-5] Mapped to com.sloopsight.sandbox.app.controller.AuthController#isLoggedId()
2020-10-27 16:40:55,566 DEBUG org.springframework.web.servlet.mvc.method.annotation.AbstractMessageConverterMethodProcessor [http-nio-8081-exec-5] Using 'application/json', given [application/json, text/plain, */*] and supported [application/json, application/*+json, application/json, application/*+json]
2020-10-27 16:40:55,567 DEBUG org.springframework.core.log.LogFormatUtils [http-nio-8081-exec-5] Writing [com.sloopsight.sandbox.app.services.UserDetailsImpl@268f3a6d]
2020-10-27 16:40:55,814 DEBUG org.springframework.web.servlet.handler.AbstractHandlerMapping [http-nio-8081-exec-6] Mapped to com.sloopsight.sandbox.app.controller.UserController#user(int, int)
2020-10-27 16:40:55,820 DEBUG org.springframework.web.servlet.handler.AbstractHandlerMapping [http-nio-8081-exec-6] Mapped to com.sloopsight.sandbox.app.controller.UserController#user(int, int)
2020-10-27 16:40:55,824 DEBUG org.springframework.web.servlet.mvc.method.annotation.AbstractMessageConverterMethodProcessor [http-nio-8081-exec-6] Using 'application/json', given [*/*] and supported [application/json, application/*+json, application/json, application/*+json]
2020-10-27 16:40:55,825 DEBUG org.springframework.core.log.LogFormatUtils [http-nio-8081-exec-6] Writing [Page 1 of 1 containing com.sloopsight.sandbox.app.entity.User instances]
2020-10-27 16:40:58,319 DEBUG org.springframework.web.servlet.handler.AbstractHandlerMapping [http-nio-8081-exec-7] Mapped to com.sloopsight.sandbox.app.controller.AuthController#isLoggedId()
2020-10-27 16:40:58,325 DEBUG org.springframework.web.servlet.handler.AbstractHandlerMapping [http-nio-8081-exec-7] Mapped to com.sloopsight.sandbox.app.controller.AuthController#isLoggedId()
2020-10-27 16:40:58,325 DEBUG org.springframework.web.servlet.mvc.method.annotation.AbstractMessageConverterMethodProcessor [http-nio-8081-exec-7] Using 'application/json', given [application/json, text/plain, */*] and supported [application/json, application/*+json, application/json, application/*+json]
2020-10-27 16:40:58,326 DEBUG org.springframework.core.log.LogFormatUtils [http-nio-8081-exec-7] Writing [com.sloopsight.sandbox.app.services.UserDetailsImpl@30616ffd]
2020-10-27 16:40:58,580 DEBUG org.springframework.web.servlet.handler.AbstractHandlerMapping [http-nio-8081-exec-8] Mapped to com.sloopsight.sandbox.app.controller.UserController#read(Long)
2020-10-27 16:40:58,581 DEBUG org.springframework.web.servlet.handler.AbstractHandlerMapping [http-nio-8081-exec-9] Mapped to com.sloopsight.sandbox.app.controller.UserController#roles(Long)
2020-10-27 16:40:58,586 DEBUG org.springframework.web.servlet.handler.AbstractHandlerMapping [http-nio-8081-exec-8] Mapped to com.sloopsight.sandbox.app.controller.UserController#read(Long)
2020-10-27 16:40:58,586 DEBUG org.springframework.web.servlet.handler.AbstractHandlerMapping [http-nio-8081-exec-9] Mapped to com.sloopsight.sandbox.app.controller.UserController#roles(Long)
2020-10-27 16:40:58,594 DEBUG org.springframework.web.servlet.mvc.method.annotation.AbstractMessageConverterMethodProcessor [http-nio-8081-exec-8] Using 'application/json', given [*/*] and supported [application/json, application/*+json, application/json, application/*+json]
2020-10-27 16:40:58,594 DEBUG org.springframework.core.log.LogFormatUtils [http-nio-8081-exec-8] Writing [com.sloopsight.sandbox.app.entity.User@3d504029]
2020-10-27 16:40:58,597 DEBUG org.springframework.web.servlet.mvc.method.annotation.AbstractMessageConverterMethodProcessor [http-nio-8081-exec-9] Using 'application/json', given [*/*] and supported [application/json, application/*+json, application/json, application/*+json]
2020-10-27 16:40:58,598 DEBUG org.springframework.core.log.LogFormatUtils [http-nio-8081-exec-9] Writing [[]]
2020-10-27 16:41:12,090 DEBUG org.springframework.web.servlet.handler.AbstractHandlerMapping [http-nio-8081-exec-10] Mapped to com.sloopsight.sandbox.app.controller.UserController#update(Long, UserUpdationRequest)
2020-10-27 16:41:12,095 DEBUG org.springframework.web.servlet.handler.AbstractHandlerMapping [http-nio-8081-exec-10] Mapped to com.sloopsight.sandbox.app.controller.UserController#update(Long, UserUpdationRequest)
2020-10-27 16:41:12,103 DEBUG org.springframework.core.log.LogFormatUtils [http-nio-8081-exec-10] Read "application/json;charset=utf-8" to [com.sloopsight.sandbox.app.dto.request.UserUpdationRequest@2602381d]
2020-10-27 16:41:12,227 DEBUG org.springframework.web.servlet.mvc.method.annotation.AbstractMessageConverterMethodProcessor [http-nio-8081-exec-10] Using 'application/json', given [*/*] and supported [application/json, application/*+json, application/json, application/*+json]
2020-10-27 16:41:12,227 DEBUG org.springframework.core.log.LogFormatUtils [http-nio-8081-exec-10] Writing [Optional[com.sloopsight.sandbox.app.entity.User@1953bb59]]
2020-10-27 16:41:12,233 DEBUG org.springframework.web.servlet.handler.AbstractHandlerMapping [http-nio-8081-exec-1] Mapped to com.sloopsight.sandbox.app.controller.AuthController#isLoggedId()
2020-10-27 16:41:12,238 DEBUG org.springframework.web.servlet.handler.AbstractHandlerMapping [http-nio-8081-exec-1] Mapped to com.sloopsight.sandbox.app.controller.AuthController#isLoggedId()
2020-10-27 16:41:12,239 DEBUG org.springframework.web.servlet.mvc.method.annotation.AbstractMessageConverterMethodProcessor [http-nio-8081-exec-1] Using 'application/json', given [application/json, text/plain, */*] and supported [application/json, application/*+json, application/json, application/*+json]
2020-10-27 16:41:12,239 DEBUG org.springframework.core.log.LogFormatUtils [http-nio-8081-exec-1] Writing [com.sloopsight.sandbox.app.services.UserDetailsImpl@4406e79a]
2020-10-27 16:41:12,482 DEBUG org.springframework.web.servlet.handler.AbstractHandlerMapping [http-nio-8081-exec-2] Mapped to com.sloopsight.sandbox.app.controller.UserController#user(int, int)
2020-10-27 16:41:12,489 DEBUG org.springframework.web.servlet.handler.AbstractHandlerMapping [http-nio-8081-exec-2] Mapped to com.sloopsight.sandbox.app.controller.UserController#user(int, int)
2020-10-27 16:41:12,493 DEBUG org.springframework.web.servlet.mvc.method.annotation.AbstractMessageConverterMethodProcessor [http-nio-8081-exec-2] Using 'application/json', given [*/*] and supported [application/json, application/*+json, application/json, application/*+json]
2020-10-27 16:41:12,493 DEBUG org.springframework.core.log.LogFormatUtils [http-nio-8081-exec-2] Writing [Page 1 of 1 containing com.sloopsight.sandbox.app.entity.User instances]
2020-10-27 16:41:18,692 DEBUG org.springframework.web.servlet.handler.AbstractHandlerMapping [http-nio-8081-exec-3] Mapped to com.sloopsight.sandbox.app.controller.AuthController#authenticateUser(LoginRequest)
2020-10-27 16:41:18,693 DEBUG org.springframework.web.servlet.handler.AbstractHandlerMapping [http-nio-8081-exec-3] Mapped to com.sloopsight.sandbox.app.controller.AuthController#authenticateUser(LoginRequest)
2020-10-27 16:41:18,694 DEBUG org.springframework.core.log.LogFormatUtils [http-nio-8081-exec-3] Read "application/json;charset=utf-8" to [com.sloopsight.sandbox.app.dto.request.LoginRequest@62e69200]
2020-10-27 16:41:20,706 ERROR com.sloopsight.sandbox.app.util.LdapContext [http-nio-8081-exec-3] inmg01:636; nested exception is javax.naming.CommunicationException: inmg01:636 [Root exception is java.net.ConnectException: Connection refused: connect]
2020-10-27 16:41:20,716 DEBUG org.springframework.security.authentication.dao.DaoAuthenticationProvider [http-nio-8081-exec-3] Authentication failed: password does not match stored value
2020-10-27 16:41:20,717 DEBUG org.springframework.web.servlet.mvc.method.annotation.AbstractMessageConverterMethodProcessor [http-nio-8081-exec-3] Using 'application/json', given [application/json, text/plain, */*] and supported [application/json, application/*+json, application/json, application/*+json]
2020-10-27 16:41:20,717 DEBUG org.springframework.core.log.LogFormatUtils [http-nio-8081-exec-3] Writing [com.sloopsight.sandbox.app.dto.response.JwtResponse@196e3176]
2020-10-27 16:41:20,724 DEBUG org.springframework.web.servlet.handler.AbstractHandlerMapping [http-nio-8081-exec-4] Mapped to com.sloopsight.sandbox.app.controller.AuthController#isLoggedId()
2020-10-27 16:41:20,727 DEBUG org.springframework.web.servlet.handler.AbstractHandlerMapping [http-nio-8081-exec-5] Mapped to com.sloopsight.sandbox.app.controller.AuthController#isLoggedId()
2020-10-27 16:41:20,730 DEBUG org.springframework.web.servlet.handler.AbstractHandlerMapping [http-nio-8081-exec-4] Mapped to com.sloopsight.sandbox.app.controller.AuthController#isLoggedId()
2020-10-27 16:41:20,731 DEBUG org.springframework.web.servlet.mvc.method.annotation.AbstractMessageConverterMethodProcessor [http-nio-8081-exec-4] Using 'application/json', given [application/json, text/plain, */*] and supported [application/json, application/*+json, application/json, application/*+json]
2020-10-27 16:41:20,731 DEBUG org.springframework.core.log.LogFormatUtils [http-nio-8081-exec-4] Writing [com.sloopsight.sandbox.app.services.UserDetailsImpl@2d95b980]
2020-10-27 16:41:20,733 DEBUG org.springframework.web.servlet.handler.AbstractHandlerMapping [http-nio-8081-exec-5] Mapped to com.sloopsight.sandbox.app.controller.AuthController#isLoggedId()
2020-10-27 16:41:20,733 DEBUG org.springframework.web.servlet.mvc.method.annotation.AbstractMessageConverterMethodProcessor [http-nio-8081-exec-5] Using 'application/json', given [application/json, text/plain, */*] and supported [application/json, application/*+json, application/json, application/*+json]
2020-10-27 16:41:20,734 DEBUG org.springframework.core.log.LogFormatUtils [http-nio-8081-exec-5] Writing [com.sloopsight.sandbox.app.services.UserDetailsImpl@1c7a0023]
2020-10-27 16:41:28,695 DEBUG org.springframework.web.servlet.handler.AbstractHandlerMapping [http-nio-8081-exec-6] Mapped to com.sloopsight.sandbox.app.controller.AuthController#isLoggedId()
2020-10-27 16:41:28,701 DEBUG org.springframework.web.servlet.handler.AbstractHandlerMapping [http-nio-8081-exec-6] Mapped to com.sloopsight.sandbox.app.controller.AuthController#isLoggedId()
2020-10-27 16:41:28,702 DEBUG org.springframework.web.servlet.mvc.method.annotation.AbstractMessageConverterMethodProcessor [http-nio-8081-exec-6] Using 'application/json', given [application/json, text/plain, */*] and supported [application/json, application/*+json, application/json, application/*+json]
2020-10-27 16:41:28,703 DEBUG org.springframework.core.log.LogFormatUtils [http-nio-8081-exec-6] Writing [com.sloopsight.sandbox.app.services.UserDetailsImpl@122f0a82]
2020-10-27 16:41:28,946 DEBUG org.springframework.web.servlet.handler.AbstractHandlerMapping [http-nio-8081-exec-7] Mapped to com.sloopsight.sandbox.app.controller.ProjectController#projects(int, int)
2020-10-27 16:41:28,951 DEBUG org.springframework.web.servlet.handler.AbstractHandlerMapping [http-nio-8081-exec-7] Mapped to com.sloopsight.sandbox.app.controller.ProjectController#projects(int, int)
2020-10-27 16:41:28,955 DEBUG org.springframework.web.servlet.mvc.method.annotation.AbstractMessageConverterMethodProcessor [http-nio-8081-exec-7] Using 'application/json', given [*/*] and supported [application/json, application/*+json, application/json, application/*+json]
2020-10-27 16:41:28,955 DEBUG org.springframework.core.log.LogFormatUtils [http-nio-8081-exec-7] Writing [Page 1 of 1 containing com.sloopsight.sandbox.app.entity.Project instances]
2020-10-27 16:41:28,968 DEBUG org.springframework.web.servlet.handler.AbstractHandlerMapping [http-nio-8081-exec-8] Mapped to com.sloopsight.sandbox.app.controller.ProjectController#projects(int, int)
2020-10-27 16:41:28,974 DEBUG org.springframework.web.servlet.handler.AbstractHandlerMapping [http-nio-8081-exec-8] Mapped to com.sloopsight.sandbox.app.controller.ProjectController#projects(int, int)
2020-10-27 16:41:28,977 DEBUG org.springframework.web.servlet.mvc.method.annotation.AbstractMessageConverterMethodProcessor [http-nio-8081-exec-8] Using 'application/json', given [*/*] and supported [application/json, application/*+json, application/json, application/*+json]
2020-10-27 16:41:28,977 DEBUG org.springframework.core.log.LogFormatUtils [http-nio-8081-exec-8] Writing [Page 1 of 1 containing com.sloopsight.sandbox.app.entity.Project instances]
2020-10-27 18:32:49,015 DEBUG org.springframework.web.servlet.handler.AbstractHandlerMapping [http-nio-8081-exec-9] Mapped to com.sloopsight.sandbox.app.controller.AuthController#isLoggedId()
2020-10-27 18:32:49,023 DEBUG org.springframework.web.servlet.handler.AbstractHandlerMapping [http-nio-8081-exec-9] Mapped to com.sloopsight.sandbox.app.controller.AuthController#isLoggedId()
2020-10-27 18:32:49,024 DEBUG org.springframework.web.servlet.mvc.method.annotation.AbstractMessageConverterMethodProcessor [http-nio-8081-exec-9] Using 'application/json', given [application/json, text/plain, */*] and supported [application/json, application/*+json, application/json, application/*+json]
2020-10-27 18:32:49,024 DEBUG org.springframework.core.log.LogFormatUtils [http-nio-8081-exec-9] Writing [com.sloopsight.sandbox.app.services.UserDetailsImpl@52cbc955]
2020-10-27 18:32:49,562 DEBUG org.springframework.web.servlet.handler.AbstractHandlerMapping [http-nio-8081-exec-10] Mapped to com.sloopsight.sandbox.app.controller.UserController#user(int, int)
2020-10-27 18:32:49,568 DEBUG org.springframework.web.servlet.handler.AbstractHandlerMapping [http-nio-8081-exec-10] Mapped to com.sloopsight.sandbox.app.controller.UserController#user(int, int)
2020-10-27 18:32:49,572 DEBUG org.springframework.web.servlet.mvc.method.annotation.AbstractMessageConverterMethodProcessor [http-nio-8081-exec-10] Using 'application/json', given [*/*] and supported [application/json, application/*+json, application/json, application/*+json]
2020-10-27 18:32:49,573 DEBUG org.springframework.core.log.LogFormatUtils [http-nio-8081-exec-10] Writing [Page 1 of 1 containing com.sloopsight.sandbox.app.entity.User instances]
2020-10-27 18:32:50,507 DEBUG org.springframework.web.servlet.handler.AbstractHandlerMapping [http-nio-8081-exec-1] Mapped to com.sloopsight.sandbox.app.controller.AuthController#isLoggedId()
2020-10-27 18:32:50,514 DEBUG org.springframework.web.servlet.handler.AbstractHandlerMapping [http-nio-8081-exec-1] Mapped to com.sloopsight.sandbox.app.controller.AuthController#isLoggedId()
2020-10-27 18:32:50,515 DEBUG org.springframework.web.servlet.mvc.method.annotation.AbstractMessageConverterMethodProcessor [http-nio-8081-exec-1] Using 'application/json', given [application/json, text/plain, */*] and supported [application/json, application/*+json, application/json, application/*+json]
2020-10-27 18:32:50,515 DEBUG org.springframework.core.log.LogFormatUtils [http-nio-8081-exec-1] Writing [com.sloopsight.sandbox.app.services.UserDetailsImpl@5e5b7003]
2020-10-27 18:34:27,000 DEBUG org.springframework.web.servlet.handler.AbstractHandlerMapping [http-nio-8081-exec-2] Mapped to com.sloopsight.sandbox.app.controller.AuthController#isLoggedId()
2020-10-27 18:34:27,006 DEBUG org.springframework.web.servlet.handler.AbstractHandlerMapping [http-nio-8081-exec-2] Mapped to com.sloopsight.sandbox.app.controller.AuthController#isLoggedId()
2020-10-27 18:34:27,007 DEBUG org.springframework.web.servlet.mvc.method.annotation.AbstractMessageConverterMethodProcessor [http-nio-8081-exec-2] Using 'application/json', given [application/json, text/plain, */*] and supported [application/json, application/*+json, application/json, application/*+json]
2020-10-27 18:34:27,007 DEBUG org.springframework.core.log.LogFormatUtils [http-nio-8081-exec-2] Writing [com.sloopsight.sandbox.app.services.UserDetailsImpl@fee33fc]
2020-10-27 18:34:27,257 DEBUG org.springframework.web.servlet.handler.AbstractHandlerMapping [http-nio-8081-exec-3] Mapped to com.sloopsight.sandbox.app.controller.ProjectController#projects(int, int)
2020-10-27 18:34:27,262 DEBUG org.springframework.web.servlet.handler.AbstractHandlerMapping [http-nio-8081-exec-3] Mapped to com.sloopsight.sandbox.app.controller.ProjectController#projects(int, int)
2020-10-27 18:34:27,265 DEBUG org.springframework.web.servlet.mvc.method.annotation.AbstractMessageConverterMethodProcessor [http-nio-8081-exec-3] Using 'application/json', given [*/*] and supported [application/json, application/*+json, application/json, application/*+json]
2020-10-27 18:34:27,266 DEBUG org.springframework.core.log.LogFormatUtils [http-nio-8081-exec-3] Writing [Page 1 of 1 containing com.sloopsight.sandbox.app.entity.Project instances]
2020-10-27 18:34:27,278 DEBUG org.springframework.web.servlet.handler.AbstractHandlerMapping [http-nio-8081-exec-4] Mapped to com.sloopsight.sandbox.app.controller.ProjectController#projects(int, int)
2020-10-27 18:34:27,283 DEBUG org.springframework.web.servlet.handler.AbstractHandlerMapping [http-nio-8081-exec-4] Mapped to com.sloopsight.sandbox.app.controller.ProjectController#projects(int, int)
2020-10-27 18:34:27,286 DEBUG org.springframework.web.servlet.mvc.method.annotation.AbstractMessageConverterMethodProcessor [http-nio-8081-exec-4] Using 'application/json', given [*/*] and supported [application/json, application/*+json, application/json, application/*+json]
2020-10-27 18:34:27,287 DEBUG org.springframework.core.log.LogFormatUtils [http-nio-8081-exec-4] Writing [Page 1 of 1 containing com.sloopsight.sandbox.app.entity.Project instances]
2020-10-27 18:51:02,774 DEBUG org.springframework.web.servlet.handler.AbstractHandlerMapping [http-nio-8081-exec-5] Mapped to com.sloopsight.sandbox.app.controller.AuthController#isLoggedId()
2020-10-27 18:51:02,783 DEBUG org.springframework.web.servlet.handler.AbstractHandlerMapping [http-nio-8081-exec-5] Mapped to com.sloopsight.sandbox.app.controller.AuthController#isLoggedId()
2020-10-27 18:51:02,784 DEBUG org.springframework.web.servlet.mvc.method.annotation.AbstractMessageConverterMethodProcessor [http-nio-8081-exec-5] Using 'application/json', given [application/json, text/plain, */*] and supported [application/json, application/*+json, application/json, application/*+json]
2020-10-27 18:51:02,784 DEBUG org.springframework.core.log.LogFormatUtils [http-nio-8081-exec-5] Writing [com.sloopsight.sandbox.app.services.UserDetailsImpl@430c2e85]
2020-10-27 18:51:03,053 DEBUG org.springframework.web.servlet.handler.AbstractHandlerMapping [http-nio-8081-exec-6] Mapped to com.sloopsight.sandbox.app.controller.ProjectController#findOne(Long)
2020-10-27 18:51:03,053 DEBUG org.springframework.web.servlet.handler.AbstractHandlerMapping [http-nio-8081-exec-7] Mapped to com.sloopsight.sandbox.app.controller.ProjectController#findExistingMembers(Long)
2020-10-27 18:51:03,053 DEBUG org.springframework.web.servlet.handler.AbstractHandlerMapping [http-nio-8081-exec-8] Mapped to com.sloopsight.sandbox.app.controller.ProjectController#findAvailableMembers(Long)
2020-10-27 18:51:03,059 DEBUG org.springframework.web.servlet.handler.AbstractHandlerMapping [http-nio-8081-exec-7] Mapped to com.sloopsight.sandbox.app.controller.ProjectController#findExistingMembers(Long)
2020-10-27 18:51:03,059 DEBUG org.springframework.web.servlet.handler.AbstractHandlerMapping [http-nio-8081-exec-6] Mapped to com.sloopsight.sandbox.app.controller.ProjectController#findOne(Long)
2020-10-27 18:51:03,059 DEBUG org.springframework.web.servlet.handler.AbstractHandlerMapping [http-nio-8081-exec-8] Mapped to com.sloopsight.sandbox.app.controller.ProjectController#findAvailableMembers(Long)
2020-10-27 18:51:03,062 DEBUG org.springframework.web.servlet.mvc.method.annotation.AbstractMessageConverterMethodProcessor [http-nio-8081-exec-6] Using 'application/json', given [*/*] and supported [application/json, application/*+json, application/json, application/*+json]
2020-10-27 18:51:03,062 DEBUG org.springframework.core.log.LogFormatUtils [http-nio-8081-exec-6] Writing [com.sloopsight.sandbox.app.entity.Project@20cbe52b]
2020-10-27 18:51:03,066 DEBUG org.springframework.web.servlet.mvc.method.annotation.AbstractMessageConverterMethodProcessor [http-nio-8081-exec-7] Using 'application/json', given [*/*] and supported [application/json, application/*+json, application/json, application/*+json]
2020-10-27 18:51:03,066 DEBUG org.springframework.core.log.LogFormatUtils [http-nio-8081-exec-7] Writing [[com.sloopsight.sandbox.app.dto.response.Member@1edc645d, com.sloopsight.sandbox.app.dto.response.Me (truncated)...]
2020-10-27 18:51:03,067 DEBUG org.springframework.web.servlet.mvc.method.annotation.AbstractMessageConverterMethodProcessor [http-nio-8081-exec-8] Using 'application/json', given [*/*] and supported [application/json, application/*+json, application/json, application/*+json]
2020-10-27 18:51:03,067 DEBUG org.springframework.core.log.LogFormatUtils [http-nio-8081-exec-8] Writing [[com.sloopsight.sandbox.app.dto.response.Member@4306d25f, com.sloopsight.sandbox.app.dto.response.Me (truncated)...]
2020-10-27 19:01:01,778 DEBUG org.springframework.web.servlet.handler.AbstractHandlerMapping [http-nio-8081-exec-9] Mapped to com.sloopsight.sandbox.app.controller.AuthController#isLoggedId()
2020-10-27 19:01:01,785 DEBUG org.springframework.web.servlet.handler.AbstractHandlerMapping [http-nio-8081-exec-9] Mapped to com.sloopsight.sandbox.app.controller.AuthController#isLoggedId()
2020-10-27 19:01:01,785 DEBUG org.springframework.web.servlet.mvc.method.annotation.AbstractMessageConverterMethodProcessor [http-nio-8081-exec-9] Using 'application/json', given [application/json, text/plain, */*] and supported [application/json, application/*+json, application/json, application/*+json]
2020-10-27 19:01:01,786 DEBUG org.springframework.core.log.LogFormatUtils [http-nio-8081-exec-9] Writing [com.sloopsight.sandbox.app.services.UserDetailsImpl@54178b93]
2020-10-27 19:01:02,036 DEBUG org.springframework.web.servlet.handler.AbstractHandlerMapping [http-nio-8081-exec-10] Mapped to com.sloopsight.sandbox.app.controller.ProjectController#projects(int, int)
2020-10-27 19:01:02,040 DEBUG org.springframework.web.servlet.handler.AbstractHandlerMapping [http-nio-8081-exec-10] Mapped to com.sloopsight.sandbox.app.controller.ProjectController#projects(int, int)
2020-10-27 19:01:02,043 DEBUG org.springframework.web.servlet.mvc.method.annotation.AbstractMessageConverterMethodProcessor [http-nio-8081-exec-10] Using 'application/json', given [*/*] and supported [application/json, application/*+json, application/json, application/*+json]
2020-10-27 19:01:02,043 DEBUG org.springframework.core.log.LogFormatUtils [http-nio-8081-exec-10] Writing [Page 1 of 1 containing com.sloopsight.sandbox.app.entity.Project instances]
2020-10-27 19:01:02,058 DEBUG org.springframework.web.servlet.handler.AbstractHandlerMapping [http-nio-8081-exec-1] Mapped to com.sloopsight.sandbox.app.controller.ProjectController#projects(int, int)
2020-10-27 19:01:02,063 DEBUG org.springframework.web.servlet.handler.AbstractHandlerMapping [http-nio-8081-exec-1] Mapped to com.sloopsight.sandbox.app.controller.ProjectController#projects(int, int)
2020-10-27 19:01:02,067 DEBUG org.springframework.web.servlet.mvc.method.annotation.AbstractMessageConverterMethodProcessor [http-nio-8081-exec-1] Using 'application/json', given [*/*] and supported [application/json, application/*+json, application/json, application/*+json]
2020-10-27 19:01:02,068 DEBUG org.springframework.core.log.LogFormatUtils [http-nio-8081-exec-1] Writing [Page 1 of 1 containing com.sloopsight.sandbox.app.entity.Project instances]
